<?xml version="1.0" encoding="UTF-8"?>
<!-- Generated by org.testng.reporters.JUnitXMLReporter -->
<testsuite hostname="LAPTOP-0MLMGFQH" ignored="0" name="Test" tests="3" failures="0" timestamp="29 Apr 2020 16:33:27 GMT" time="39.798" errors="0">
  <testcase name="login" time="2.335" classname="orangehrmtestcases.orangelogintest"/>
  <testcase name="Adminpage" time="4.147" classname="orangehrmtestcases.orangehrmAdmintest"/>
  <testcase name="addbutton" time="3.378" classname="orangehrmtestcases.orangehrmRecruitmenttest"/>
</testsuite> <!-- Test -->
